<?xml version="1.0" encoding="UTF-8"?>
<!-- Generated by org.testng.reporters.JUnitReportReporter -->
<testsuite hostname="DESKTOP-08F6S52" failures="0" tests="10" name="com.saucedemo.runners.TestNGRunner" time="37.834" errors="0" timestamp="2025-03-13T14:20:02 WIB" skipped="0">
  <testcase classname="com.saucedemo.runners.TestNGRunner" name="runScenario" time="5.788"/>
  <system-out/>
  <testcase classname="com.saucedemo.runners.TestNGRunner" name="runScenario" time="3.837"/>
  <system-out/>
  <testcase classname="com.saucedemo.runners.TestNGRunner" name="runScenario" time="4.050"/>
  <system-out/>
  <testcase classname="com.saucedemo.runners.TestNGRunner" name="runScenario" time="3.117"/>
  <system-out/>
  <testcase classname="com.saucedemo.runners.TestNGRunner" name="runScenario" time="5.029"/>
  <system-out/>
  <testcase classname="com.saucedemo.runners.TestNGRunner" name="runScenario" time="3.076"/>
  <system-out/>
  <testcase classname="com.saucedemo.runners.TestNGRunner" name="runScenario" time="3.097"/>
  <system-out/>
  <testcase classname="com.saucedemo.runners.TestNGRunner" name="runScenario" time="3.762"/>
  <system-out/>
  <testcase classname="com.saucedemo.runners.TestNGRunner" name="runScenario" time="3.206"/>
  <system-out/>
  <testcase classname="com.saucedemo.runners.TestNGRunner" name="runScenario" time="2.872"/>
  <system-out/>
</testsuite> <!-- com.saucedemo.runners.TestNGRunner -->
